<?xml version="1.0" encoding="UTF-8"?>
<testng-results skipped="0" failed="0" ignored="0" total="1" passed="1">
  <reporter-output>
  </reporter-output>
  <suite name="Suite" duration-ms="171368" started-at="2020-09-23T04:16:35Z" finished-at="2020-09-23T04:19:27Z">
    <groups>
      <group name="cucumber">
        <method signature="AbstractTestNGCucumberTests.feature(cucumber.api.testng.CucumberFeatureWrapper)[pri:0, instance:runner.TestRunner@7ac7a4e4]" name="feature" class="cucumber.api.testng.AbstractTestNGCucumberTests"/>
      </group> <!-- cucumber -->
    </groups>
    <test name="Amazon" duration-ms="171368" started-at="2020-09-23T04:16:35Z" finished-at="2020-09-23T04:19:27Z">
      <class name="runner.TestRunner">
        <test-method status="PASS" signature="setUpClass()[pri:0, instance:runner.TestRunner@7ac7a4e4]" name="setUpClass" is-config="true" duration-ms="326" started-at="2020-09-23T09:46:35Z" finished-at="2020-09-23T09:46:36Z">
          <reporter-output>
          </reporter-output>
        </test-method> <!-- setUpClass -->
        <test-method status="PASS" signature="feature(cucumber.api.testng.CucumberFeatureWrapper)[pri:0, instance:runner.TestRunner@7ac7a4e4]" name="feature" duration-ms="170919" started-at="2020-09-23T09:46:36Z" description="Runs Cucumber Feature" data-provider="features" finished-at="2020-09-23T09:49:27Z">
          <params>
            <param index="0">
              <value>
                <![CDATA[Create Entity View And Upload functionality]]>
              </value>
            </param>
          </params>
          <reporter-output>
          </reporter-output>
        </test-method> <!-- feature -->
        <test-method status="PASS" signature="tearDownClass()[pri:0, instance:runner.TestRunner@7ac7a4e4]" name="tearDownClass" is-config="true" duration-ms="5" started-at="2020-09-23T09:49:27Z" finished-at="2020-09-23T09:49:27Z">
          <reporter-output>
          </reporter-output>
        </test-method> <!-- tearDownClass -->
      </class> <!-- runner.TestRunner -->
    </test> <!-- Amazon -->
  </suite> <!-- Suite -->
</testng-results>
